[debug] [2022-05-03T14:37:03.473Z] ----------------------------------------------------------------------
[debug] [2022-05-03T14:37:03.475Z] Command:       /Users/alessandrorusso/.nvm/versions/node/v14.19.1/bin/node /Users/alessandrorusso/WebstormProjects/angular-boilerplate/node_modules/.bin/firebase init
[debug] [2022-05-03T14:37:03.475Z] CLI Version:   10.7.2
[debug] [2022-05-03T14:37:03.475Z] Platform:      darwin
[debug] [2022-05-03T14:37:03.475Z] Node Version:  v14.19.1
[debug] [2022-05-03T14:37:03.476Z] Time:          Tue May 03 2022 16:37:03 GMT+0200 (Central European Summer Time)
[debug] [2022-05-03T14:37:03.476Z] ----------------------------------------------------------------------
[debug] 
[debug] [2022-05-03T14:37:03.534Z] > command requires scopes: ["email","openid","https://www.googleapis.com/auth/cloudplatformprojects.readonly","https://www.googleapis.com/auth/firebase","https://www.googleapis.com/auth/cloud-platform"]
[debug] [2022-05-03T14:37:03.534Z] > authorizing via signed-in user (alessandrorusso.info@gmail.com)
[info] 
     ######## #### ########  ######## ########     ###     ######  ########
     ##        ##  ##     ## ##       ##     ##  ##   ##  ##       ##
     ######    ##  ########  ######   ########  #########  ######  ######
     ##        ##  ##    ##  ##       ##     ## ##     ##       ## ##
     ##       #### ##     ## ######## ########  ##     ##  ######  ########

You're about to initialize a Firebase project in this directory:

  /Users/alessandrorusso/WebstormProjects/angular-boilerplate

Before we get started, keep in mind:

  * You are initializing within an existing Firebase project directory

[info] 
=== Project Setup
[info] 
[info] First, let's associate this project directory with a Firebase project.
[info] You can create multiple project aliases by running firebase use --add, 
[info] but for now we'll just set up a default project.
[info] 
[debug] [2022-05-03T14:38:51.416Z] Using project from CLI flag: test-e0560
[debug] [2022-05-03T14:38:51.419Z] >>> [apiv2][query] GET https://firebase.googleapis.com/v1beta1/projects/test-e0560 [none]
[debug] [2022-05-03T14:38:52.416Z] <<< [apiv2][status] GET https://firebase.googleapis.com/v1beta1/projects/test-e0560 403
[debug] [2022-05-03T14:38:52.416Z] <<< [apiv2][body] GET https://firebase.googleapis.com/v1beta1/projects/test-e0560 {"error":{"code":403,"message":"The caller does not have permission","status":"PERMISSION_DENIED"}}
[debug] [2022-05-03T14:38:52.418Z] HTTP Error: 403, The caller does not have permission
[debug] [2022-05-03T14:38:52.420Z] FirebaseError: HTTP Error: 403, The caller does not have permission
    at module.exports (/Users/alessandrorusso/WebstormProjects/angular-boilerplate/node_modules/firebase-tools/lib/responseToError.js:47:12)
    at RetryOperation._fn (/Users/alessandrorusso/WebstormProjects/angular-boilerplate/node_modules/firebase-tools/lib/apiv2.js:286:39)
    at processTicksAndRejections (internal/process/task_queues.js:95:5)
[error] 
[error] Error: Failed to get Firebase project test-e0560. Please make sure the project exists and your account has permission to access it.
